<?xml version="1.0" encoding="UTF-8"?>
<testng-results ignored="0" total="4" passed="4" failed="0" skipped="0">
  <reporter-output>
  </reporter-output>
  <suite started-at="2024-10-14T13:54:29 IST" name="Default suite" finished-at="2024-10-14T13:54:32 IST" duration-ms="2468">
    <groups>
    </groups>
    <test started-at="2024-10-14T13:54:29 IST" name="Default test" finished-at="2024-10-14T13:54:32 IST" duration-ms="2468">
      <class name="restassuredwithoutBDD.GetAndPostExamples">
        <test-method signature="testGet()[pri:0, instance:restassuredwithoutBDD.GetAndPostExamples@799f10e1]" started-at="2024-10-14T13:54:29 IST" name="testGet" finished-at="2024-10-14T13:54:31 IST" duration-ms="1976" status="PASS">
          <reporter-output>
          </reporter-output>
        </test-method> <!-- testGet -->
        <test-method signature="testPostReqBodyWithMap()[pri:0, instance:restassuredwithoutBDD.GetAndPostExamples@799f10e1]" started-at="2024-10-14T13:54:31 IST" name="testPostReqBodyWithMap" finished-at="2024-10-14T13:54:31 IST" duration-ms="4" status="PASS">
          <reporter-output>
          </reporter-output>
        </test-method> <!-- testPostReqBodyWithMap -->
        <test-method signature="testPostReqBodyWithoutMAP()[pri:0, instance:restassuredwithoutBDD.GetAndPostExamples@799f10e1]" started-at="2024-10-14T13:54:31 IST" name="testPostReqBodyWithoutMAP" finished-at="2024-10-14T13:54:31 IST" duration-ms="2" status="PASS">
          <reporter-output>
          </reporter-output>
        </test-method> <!-- testPostReqBodyWithoutMAP -->
        <test-method signature="testpostcall()[pri:0, instance:restassuredwithoutBDD.GetAndPostExamples@799f10e1]" started-at="2024-10-14T13:54:31 IST" name="testpostcall" finished-at="2024-10-14T13:54:32 IST" duration-ms="443" status="PASS">
          <reporter-output>
          </reporter-output>
        </test-method> <!-- testpostcall -->
      </class> <!-- restassuredwithoutBDD.GetAndPostExamples -->
    </test> <!-- Default test -->
  </suite> <!-- Default suite -->
</testng-results>
